Using pre-set license
Built from '2022.3/staging' branch; Version is '2022.3.15f1 (b58023a2b463) revision 11894819'; Using compiler version '192829333'; Build Type 'Release'
OS: 'Windows 10  (10.0.19045) 64bit Professional' Language: 'ko' Physical Memory: 16318 MB
BatchMode: 1, IsHumanControllingUs: 0, StartBugReporterOnCrash: 0, Is64bit: 1, IsPro: 1

COMMAND LINE ARGUMENTS:
C:\Program Files\Unity 2022.3.15f1\Editor\Unity.exe
-adb2
-batchMode
-noUpm
-name
AssetImportWorker6
-projectPath
C:/Users/ABKOCLASS/Downloads/rapidareana
-logFile
Logs/AssetImportWorker6.log
-srvPort
50090
Successfully changed project path to: C:/Users/ABKOCLASS/Downloads/rapidareana
C:/Users/ABKOCLASS/Downloads/rapidareana
[UnityMemory] Configuration Parameters - Can be set up in boot.config
    "memorysetup-bucket-allocator-granularity=16"
    "memorysetup-bucket-allocator-bucket-count=8"
    "memorysetup-bucket-allocator-block-size=33554432"
    "memorysetup-bucket-allocator-block-count=8"
    "memorysetup-main-allocator-block-size=16777216"
    "memorysetup-thread-allocator-block-size=16777216"
    "memorysetup-gfx-main-allocator-block-size=16777216"
    "memorysetup-gfx-thread-allocator-block-size=16777216"
    "memorysetup-cache-allocator-block-size=4194304"
    "memorysetup-typetree-allocator-block-size=2097152"
    "memorysetup-profiler-bucket-allocator-granularity=16"
    "memorysetup-profiler-bucket-allocator-bucket-count=8"
    "memorysetup-profiler-bucket-allocator-block-size=33554432"
    "memorysetup-profiler-bucket-allocator-block-count=8"
    "memorysetup-profiler-allocator-block-size=16777216"
    "memorysetup-profiler-editor-allocator-block-size=1048576"
    "memorysetup-temp-allocator-size-main=16777216"
    "memorysetup-job-temp-allocator-block-size=2097152"
    "memorysetup-job-temp-allocator-block-size-background=1048576"
    "memorysetup-job-temp-allocator-reduction-small-platforms=262144"
    "memorysetup-allocator-temp-initial-block-size-main=262144"
    "memorysetup-allocator-temp-initial-block-size-worker=262144"
    "memorysetup-temp-allocator-size-background-worker=32768"
    "memorysetup-temp-allocator-size-job-worker=262144"
    "memorysetup-temp-allocator-size-preload-manager=33554432"
    "memorysetup-temp-allocator-size-nav-mesh-worker=65536"
    "memorysetup-temp-allocator-size-audio-worker=65536"
    "memorysetup-temp-allocator-size-cloud-worker=32768"
    "memorysetup-temp-allocator-size-gi-baking-worker=262144"
    "memorysetup-temp-allocator-size-gfx=262144"
Player connection [23692] Host "[IP] 192.168.5.137 [Port] 0 [Flags] 2 [Guid] 2568395462 [EditorId] 2568395462 [Version] 1048832 [Id] WindowsEditor(7,DESKTOP-FF9I0AO) [Debug] 1 [PackageName] WindowsEditor [ProjectName] Editor" joined multi-casting on [225.0.0.222:54997]...

Player connection [23692] Host "[IP] 192.168.5.137 [Port] 0 [Flags] 2 [Guid] 2568395462 [EditorId] 2568395462 [Version] 1048832 [Id] WindowsEditor(7,DESKTOP-FF9I0AO) [Debug] 1 [PackageName] WindowsEditor [ProjectName] Editor" joined alternative multi-casting on [225.0.0.222:34997]...

[Physics::Module] Initialized MultithreadedJobDispatcher with 11 workers.
Refreshing native plugins compatible for Editor in 19.56 ms, found 4 plugins.
Preloading 0 native plugins for Editor in 0.00 ms.
Initialize engine version: 2022.3.15f1 (b58023a2b463)
[Subsystems] Discovering subsystems at path C:/Program Files/Unity 2022.3.15f1/Editor/Data/Resources/UnitySubsystems
[Subsystems] Discovering subsystems at path C:/Users/ABKOCLASS/Downloads/rapidareana/Assets
GfxDevice: creating device client; threaded=0; jobified=0
Direct3D:
    Version:  Direct3D 11.0 [level 11.1]
    Renderer: NVIDIA GeForce GTX 1660 (ID=0x2184)
    Vendor:   NVIDIA
    VRAM:     5966 MB
    Driver:   32.0.15.6094
Initialize mono
Mono path[0] = 'C:/Program Files/Unity 2022.3.15f1/Editor/Data/Managed'
Mono path[1] = 'C:/Program Files/Unity 2022.3.15f1/Editor/Data/MonoBleedingEdge/lib/mono/unityjit-win32'
Mono config path = 'C:/Program Files/Unity 2022.3.15f1/Editor/Data/MonoBleedingEdge/etc'
Using monoOptions --debugger-agent=transport=dt_socket,embedding=1,server=y,suspend=n,address=127.0.0.1:56524
Begin MonoManager ReloadAssembly
Registering precompiled unity dll's ...
Register platform support module: C:/Program Files/Unity 2022.3.15f1/Editor/Data/PlaybackEngines/AndroidPlayer/UnityEditor.Android.Extensions.dll
Register platform support module: C:/Program Files/Unity 2022.3.15f1/Editor/Data/PlaybackEngines/WindowsStandaloneSupport/UnityEditor.WindowsStandalone.Extensions.dll
Registered in 0.007490 seconds.
- Loaded All Assemblies, in  0.335 seconds
Native extension for WindowsStandalone target not found
Native extension for Android target not found
Mono: successfully reloaded assembly
- Finished resetting the current domain, in  0.294 seconds
Domain Reload Profiling: 628ms
	BeginReloadAssembly (106ms)
		ExecutionOrderSort (0ms)
		DisableScriptedObjects (0ms)
		BackupInstance (0ms)
		ReleaseScriptingObjects (0ms)
		CreateAndSetChildDomain (1ms)
	RebuildCommonClasses (31ms)
	RebuildNativeTypeToScriptingClass (10ms)
	initialDomainReloadingComplete (52ms)
	LoadAllAssembliesAndSetupDomain (134ms)
		LoadAssemblies (104ms)
		RebuildTransferFunctionScriptingTraits (0ms)
		AnalyzeDomain (132ms)
			TypeCache.Refresh (131ms)
				TypeCache.ScanAssembly (119ms)
			ScanForSourceGeneratedMonoScriptInfo (0ms)
			ResolveRequiredComponents (0ms)
	FinalizeReload (295ms)
		ReleaseScriptCaches (0ms)
		RebuildScriptCaches (0ms)
		SetupLoadedEditorAssemblies (238ms)
			LogAssemblyErrors (0ms)
			InitializePlatformSupportModulesInManaged (79ms)
			SetLoadedEditorAssemblies (4ms)
			RefreshPlugins (0ms)
			BeforeProcessingInitializeOnLoad (2ms)
			ProcessInitializeOnLoadAttributes (109ms)
			ProcessInitializeOnLoadMethodAttributes (43ms)
			AfterProcessingInitializeOnLoad (0ms)
			EditorAssembliesLoaded (0ms)
		ExecutionOrderSort2 (0ms)
		AwakeInstancesAfterBackupRestoration (0ms)
========================================================================
Worker process is ready to serve import requests
Begin MonoManager ReloadAssembly
- Loaded All Assemblies, in  0.777 seconds
Refreshing native plugins compatible for Editor in 5.73 ms, found 4 plugins.
Native extension for WindowsStandalone target not found
Native extension for Android target not found
Package Manager log level set to [2]
[Package Manager] Server::EnsureServerProcessIsRunning -- launch failed, reason: Unity was launched with the -noUpm command-line argument
[Package Manager] UpmClient::Send -- Unable to send message (not connected to UPM process).
[Package Manager] Cannot connect to Unity Package Manager local server
Mono: successfully reloaded assembly
- Finished resetting the current domain, in  0.852 seconds
Domain Reload Profiling: 1625ms
	BeginReloadAssembly (139ms)
		ExecutionOrderSort (0ms)
		DisableScriptedObjects (5ms)
		BackupInstance (0ms)
		ReleaseScriptingObjects (0ms)
		CreateAndSetChildDomain (19ms)
	RebuildCommonClasses (34ms)
	RebuildNativeTypeToScriptingClass (11ms)
	initialDomainReloadingComplete (43ms)
	LoadAllAssembliesAndSetupDomain (547ms)
		LoadAssemblies (389ms)
		RebuildTransferFunctionScriptingTraits (0ms)
		AnalyzeDomain (241ms)
			TypeCache.Refresh (204ms)
				TypeCache.ScanAssembly (187ms)
			ScanForSourceGeneratedMonoScriptInfo (26ms)
			ResolveRequiredComponents (9ms)
	FinalizeReload (852ms)
		ReleaseScriptCaches (0ms)
		RebuildScriptCaches (0ms)
		SetupLoadedEditorAssemblies (686ms)
			LogAssemblyErrors (0ms)
			InitializePlatformSupportModulesInManaged (25ms)
			SetLoadedEditorAssemblies (5ms)
			RefreshPlugins (0ms)
			BeforeProcessingInitializeOnLoad (122ms)
			ProcessInitializeOnLoadAttributes (485ms)
			ProcessInitializeOnLoadMethodAttributes (42ms)
			AfterProcessingInitializeOnLoad (7ms)
			EditorAssembliesLoaded (0ms)
		ExecutionOrderSort2 (0ms)
		AwakeInstancesAfterBackupRestoration (7ms)
Launched and connected shader compiler UnityShaderCompiler.exe after 0.07 seconds
Refreshing native plugins compatible for Editor in 7.06 ms, found 4 plugins.
Preloading 0 native plugins for Editor in 0.00 ms.
Unloading 4644 Unused Serialized files (Serialized files now loaded: 0)
Unloading 87 unused Assets / (1.3 MB). Loaded Objects now: 5100.
Memory consumption went from 176.6 MB to 175.3 MB.
Total: 5.771800 ms (FindLiveObjects: 0.372700 ms CreateObjectMapping: 0.328000 ms MarkObjects: 4.720300 ms  DeleteObjects: 0.349700 ms)

AssetImportParameters requested are different than current active one (requested -> active):
  custom:container-demuxer-ogg: 62fdf1f143b41e24485cea50d1cbac27 -> 
  custom:video-decoder-ogg-theora: a1e56fd34408186e4bbccfd4996cb3dc -> 
  custom:framework-win-MediaFoundation: 216162199b28c13a410421893ffa2e32 -> 
  custom:CustomObjectIndexerAttribute: 43b350a4d6e6d1791af0b5038c4bea17 -> 
  custom:container-demuxer-webm: 4f35f7cbe854078d1ac9338744f61a02 -> 
  custom:container-muxer-webm: aa71ff27fc2769a1b78a27578f13a17b -> 
  custom:scripting/monoscript/fileName/Equip_Mgr.cs: 6d6a8d5c4340b5f6e7e6760c6ee64ee1 -> 
  custom:video-decoder-webm-vp8: 9c59270c3fd7afecdb556c50c9e8de78 -> 
  custom:SearchIndexIgnoredProperties: e643bd26f0fe6173181afceb89e7c659 -> 
  custom:AudioImporter_EditorPlatform: d09bf68614088b80899f8185d706f6e7 -> 
  custom:video-encoder-webm-vp8: eb34c28f22e8b96e1ab97ce403110664 -> 
  custom:audio-decoder-ogg-vorbis: bf7c407c2cedff20999df2af8eb42d56 -> 
  custom:audio-encoder-webm-vorbis: bf7c407c2cedff20999df2af8eb42d56 -> 
========================================================================
Received Import Request.
  Time since last request: 14933.384215 seconds.
  path: Assets/06.Model/Medkit-2.0/fbx/Material.003.mat
  artifactKey: Guid(bab6beae15c78f746ae925072352462f) Importer(815301076,1909f56bfc062723c751e8b465ee728b)
Start importing Assets/06.Model/Medkit-2.0/fbx/Material.003.mat using Guid(bab6beae15c78f746ae925072352462f) Importer(815301076,1909f56bfc062723c751e8b465ee728b)  -> (artifact id: '6c5195a73f50ea75712844cd987a6cb5') in 0.092709 seconds
Number of updated asset objects reloaded before import = 0
Number of asset objects unloaded after import = 1
========================================================================
Received Import Request.
  Time since last request: 0.514682 seconds.
  path: Assets/06.Model/LowPolySoldiers_demo/models/Materials/demo_weapon.mat
  artifactKey: Guid(f1ffde0cab3b53e4b8db6c78d825b21a) Importer(815301076,1909f56bfc062723c751e8b465ee728b)
Start importing Assets/06.Model/LowPolySoldiers_demo/models/Materials/demo_weapon.mat using Guid(f1ffde0cab3b53e4b8db6c78d825b21a) Importer(815301076,1909f56bfc062723c751e8b465ee728b)  -> (artifact id: '84f35355baf8a8b124c0997b682663dc') in 0.021503 seconds
Number of updated asset objects reloaded before import = 0
Number of asset objects unloaded after import = 2
========================================================================
Received Import Request.
  Time since last request: 0.000024 seconds.
  path: Assets/06.Model/Level/Particles/Dust/Dust_v1/Source/Dust_v1.mat
  artifactKey: Guid(dcf8eca37d87bbd4289b80d4a2a6fdef) Importer(815301076,1909f56bfc062723c751e8b465ee728b)
Start importing Assets/06.Model/Level/Particles/Dust/Dust_v1/Source/Dust_v1.mat using Guid(dcf8eca37d87bbd4289b80d4a2a6fdef) Importer(815301076,1909f56bfc062723c751e8b465ee728b)  -> (artifact id: '8e6695c22a8e6e1a490433aac1105d54') in 0.025369 seconds
Number of updated asset objects reloaded before import = 0
Number of asset objects unloaded after import = 2
========================================================================
Received Import Request.
  Time since last request: 0.000020 seconds.
  path: Assets/06.Model/Level/Dumpsters/Dumpsters_v1/Source/Dumpsters_v1.mat
  artifactKey: Guid(3f513b9c59aff4f409bf303083c4a25e) Importer(815301076,1909f56bfc062723c751e8b465ee728b)
Start importing Assets/06.Model/Level/Dumpsters/Dumpsters_v1/Source/Dumpsters_v1.mat using Guid(3f513b9c59aff4f409bf303083c4a25e) Importer(815301076,1909f56bfc062723c751e8b465ee728b)  -> (artifact id: '3ddb7361f9f9898f4f126bfb386e6f76') in 0.023543 seconds
Number of updated asset objects reloaded before import = 0
Number of asset objects unloaded after import = 2
========================================================================
Received Import Request.
  Time since last request: 0.013033 seconds.
  path: Assets/06.Model/OtherBomb/Models & Textures/Flashbang/Flashbang.obj
  artifactKey: Guid(05f01b6f7133b5144a91c64548bef4e5) Importer(815301076,1909f56bfc062723c751e8b465ee728b)
Start importing Assets/06.Model/OtherBomb/Models & Textures/Flashbang/Flashbang.obj using Guid(05f01b6f7133b5144a91c64548bef4e5) Importer(815301076,1909f56bfc062723c751e8b465ee728b)  -> (artifact id: 'c086617cf278b5366515ccfa95b1c482') in 0.057274 seconds
Number of updated asset objects reloaded before import = 0
Number of asset objects unloaded after import = 10
========================================================================
Received Import Request.
  Time since last request: 0.000019 seconds.
  path: Assets/06.Model/Low Poly FPS Pack - Free (Sample)/Components/Demo_Scene_Components/Materials/Demo Scene Material.mat
  artifactKey: Guid(b75ca23ffd578dd4bb4369e9426110b6) Importer(815301076,1909f56bfc062723c751e8b465ee728b)
Start importing Assets/06.Model/Low Poly FPS Pack - Free (Sample)/Components/Demo_Scene_Components/Materials/Demo Scene Material.mat using Guid(b75ca23ffd578dd4bb4369e9426110b6) Importer(815301076,1909f56bfc062723c751e8b465ee728b)  -> (artifact id: 'de1769fad6249ba63a46c44a3c19ab37') in 0.018013 seconds
Number of updated asset objects reloaded before import = 0
Number of asset objects unloaded after import = 2
========================================================================
Received Import Request.
  Time since last request: 0.000033 seconds.
  path: Assets/06.Model/OtherBomb/Models & Textures/Clock_Bomb/Clockbomb.obj
  artifactKey: Guid(fb47f06c4930e834a842d1a0d1a264cc) Importer(815301076,1909f56bfc062723c751e8b465ee728b)
Start importing Assets/06.Model/OtherBomb/Models & Textures/Clock_Bomb/Clockbomb.obj using Guid(fb47f06c4930e834a842d1a0d1a264cc) Importer(815301076,1909f56bfc062723c751e8b465ee728b)  -> (artifact id: '817a105c31ae546525914927f6cdcb3d') in 0.039515 seconds
Number of updated asset objects reloaded before import = 0
Number of asset objects unloaded after import = 10
========================================================================
Received Import Request.
  Time since last request: 0.000013 seconds.
  path: Assets/06.Model/Level/Fences/Concrete_fences/Concrete_fence_v1/Source/Concrete_fence_v1.mat
  artifactKey: Guid(acd39752d1464d2409980e4ae106b986) Importer(815301076,1909f56bfc062723c751e8b465ee728b)
Start importing Assets/06.Model/Level/Fences/Concrete_fences/Concrete_fence_v1/Source/Concrete_fence_v1.mat using Guid(acd39752d1464d2409980e4ae106b986) Importer(815301076,1909f56bfc062723c751e8b465ee728b)  -> (artifact id: '68ae8464afd56bd232dab159f4f224ee') in 0.017578 seconds
Number of updated asset objects reloaded before import = 0
Number of asset objects unloaded after import = 2
========================================================================
Received Import Request.
  Time since last request: 0.000203 seconds.
  path: Assets/06.Model/Level/Containers/Cargo_container_v1/Source/Cargo_container_v2.mat
  artifactKey: Guid(5735afa0ccbd3dc408fbf0a19e478a4e) Importer(815301076,1909f56bfc062723c751e8b465ee728b)
Start importing Assets/06.Model/Level/Containers/Cargo_container_v1/Source/Cargo_container_v2.mat using Guid(5735afa0ccbd3dc408fbf0a19e478a4e) Importer(815301076,1909f56bfc062723c751e8b465ee728b)  -> (artifact id: '28560a8eb4595ce6d3eb6e3aca6bc30c') in 0.020522 seconds
Number of updated asset objects reloaded before import = 0
Number of asset objects unloaded after import = 2
========================================================================
Received Import Request.
  Time since last request: 0.002299 seconds.
  path: Assets/08.Utilty/Photon/PhotonUnityNetworking/Demos/DemoSlotRacer/Kenney Assets/Racing Kit/Models/Materials/bark.mat
  artifactKey: Guid(5b3826dd21e1d2b4a947c774023d1db3) Importer(815301076,1909f56bfc062723c751e8b465ee728b)
Start importing Assets/08.Utilty/Photon/PhotonUnityNetworking/Demos/DemoSlotRacer/Kenney Assets/Racing Kit/Models/Materials/bark.mat using Guid(5b3826dd21e1d2b4a947c774023d1db3) Importer(815301076,1909f56bfc062723c751e8b465ee728b)  -> (artifact id: 'ca1f4d2fd868b7f899e935be933d2ff8') in 0.018659 seconds
Number of updated asset objects reloaded before import = 0
Number of asset objects unloaded after import = 1
========================================================================
Received Import Request.
  Time since last request: 0.000017 seconds.
  path: Assets/06.Model/Low Poly FPS Pack - Free (Sample)/Components/Materials/Bullet_Materials/Bullet_Material.mat
  artifactKey: Guid(de40215ad721f914fa9e82157e40b696) Importer(815301076,1909f56bfc062723c751e8b465ee728b)
Start importing Assets/06.Model/Low Poly FPS Pack - Free (Sample)/Components/Materials/Bullet_Materials/Bullet_Material.mat using Guid(de40215ad721f914fa9e82157e40b696) Importer(815301076,1909f56bfc062723c751e8b465ee728b)  -> (artifact id: '9ae8d8e4fe25fe27b74568600d9f33e5') in 0.011589 seconds
Number of updated asset objects reloaded before import = 0
Number of asset objects unloaded after import = 1
========================================================================
Received Import Request.
  Time since last request: 0.000023 seconds.
  path: Assets/09.Material/Barrel_v1 1.mat
  artifactKey: Guid(2647a4a9aa432cc4785a52f428d78e6b) Importer(815301076,1909f56bfc062723c751e8b465ee728b)
Start importing Assets/09.Material/Barrel_v1 1.mat using Guid(2647a4a9aa432cc4785a52f428d78e6b) Importer(815301076,1909f56bfc062723c751e8b465ee728b)  -> (artifact id: '34f92c2f0d3263bd37ec0006e85520f1') in 0.013834 seconds
Number of updated asset objects reloaded before import = 0
Number of asset objects unloaded after import = 2
========================================================================
Received Import Request.
  Time since last request: 0.000023 seconds.
  path: Assets/06.Model/Level/Barrels/Barrel_v2/Source/Barrel_v2.mat
  artifactKey: Guid(cd2f24c07b1bce24fa0066430da2910b) Importer(815301076,1909f56bfc062723c751e8b465ee728b)
Start importing Assets/06.Model/Level/Barrels/Barrel_v2/Source/Barrel_v2.mat using Guid(cd2f24c07b1bce24fa0066430da2910b) Importer(815301076,1909f56bfc062723c751e8b465ee728b)  -> (artifact id: 'e98063da6fc25ab5e2af5d37728a1ab1') in 0.021185 seconds
Number of updated asset objects reloaded before import = 0
Number of asset objects unloaded after import = 2
========================================================================
Received Import Request.
  Time since last request: 0.007140 seconds.
  path: Assets/08.Utilty/Photon/PhotonUnityNetworking/Demos/DemoSlotRacer/Kenney Assets/Stylized city/Materials/20 - Default.mat
  artifactKey: Guid(4e1a4e79a3548164da24123dbb0f3566) Importer(815301076,1909f56bfc062723c751e8b465ee728b)
Start importing Assets/08.Utilty/Photon/PhotonUnityNetworking/Demos/DemoSlotRacer/Kenney Assets/Stylized city/Materials/20 - Default.mat using Guid(4e1a4e79a3548164da24123dbb0f3566) Importer(815301076,1909f56bfc062723c751e8b465ee728b)  -> (artifact id: '23538dd07a09542d4a7f5a954bd10495') in 0.014384 seconds
Number of updated asset objects reloaded before import = 0
Number of asset objects unloaded after import = 1
========================================================================
Received Import Request.
  Time since last request: 0.000016 seconds.
  path: Assets/06.Model/Level/Other_props/Palets/Bags_on_pallet_v1/Source/Bags_on_pallet_v1.mat
  artifactKey: Guid(9b20318cce963404c8c089075ad8cb87) Importer(815301076,1909f56bfc062723c751e8b465ee728b)
Start importing Assets/06.Model/Level/Other_props/Palets/Bags_on_pallet_v1/Source/Bags_on_pallet_v1.mat using Guid(9b20318cce963404c8c089075ad8cb87) Importer(815301076,1909f56bfc062723c751e8b465ee728b)  -> (artifact id: '1199cdbbe469d1e5ccb1cea377e2d8e2') in 0.015169 seconds
Number of updated asset objects reloaded before import = 0
Number of asset objects unloaded after import = 2
========================================================================
Received Import Request.
  Time since last request: 0.000017 seconds.
  path: Assets/08.Utilty/Photon/PhotonUnityNetworking/Demos/DemoSlotRacer/Kenney Assets/Racing Kit/Models/Materials/_defaultMat.mat
  artifactKey: Guid(f0a6a86e908f6204ab518387a784ed36) Importer(815301076,1909f56bfc062723c751e8b465ee728b)
Start importing Assets/08.Utilty/Photon/PhotonUnityNetworking/Demos/DemoSlotRacer/Kenney Assets/Racing Kit/Models/Materials/_defaultMat.mat using Guid(f0a6a86e908f6204ab518387a784ed36) Importer(815301076,1909f56bfc062723c751e8b465ee728b)  -> (artifact id: '30b675bb342555416350ea58fccb8e6c') in 0.013725 seconds
Number of updated asset objects reloaded before import = 0
Number of asset objects unloaded after import = 1
========================================================================
Received Import Request.
  Time since last request: 0.000018 seconds.
  path: Assets/06.Model/Low Poly FPS Pack - Free (Sample)/Components/Meshes/Arms/Materials/Arms Material.mat
  artifactKey: Guid(5eea69f57b7ce654a8a7a2d6d64ecd82) Importer(815301076,1909f56bfc062723c751e8b465ee728b)
Start importing Assets/06.Model/Low Poly FPS Pack - Free (Sample)/Components/Meshes/Arms/Materials/Arms Material.mat using Guid(5eea69f57b7ce654a8a7a2d6d64ecd82) Importer(815301076,1909f56bfc062723c751e8b465ee728b)  -> (artifact id: '21cfe4875f4fe6e9a1fc6e3361dd9262') in 0.019476 seconds
Number of updated asset objects reloaded before import = 0
Number of asset objects unloaded after import = 2
========================================================================
Received Import Request.
  Time since last request: 3.951154 seconds.
  path: Assets/06.Model/Low Poly FPS Pack - Free (Sample)/Components/Demo_Scene_Components/Materials/Prototype_Materials/4x4_Grid_Material.mat
  artifactKey: Guid(b3ba5dcf86ba43045b0ba31c9715b60e) Importer(815301076,1909f56bfc062723c751e8b465ee728b)
Start importing Assets/06.Model/Low Poly FPS Pack - Free (Sample)/Components/Demo_Scene_Components/Materials/Prototype_Materials/4x4_Grid_Material.mat using Guid(b3ba5dcf86ba43045b0ba31c9715b60e) Importer(815301076,1909f56bfc062723c751e8b465ee728b)  -> (artifact id: '3d29eaaa926be9c51ce23b256ee0a95c') in 0.019762 seconds
Number of updated asset objects reloaded before import = 0
Number of asset objects unloaded after import = 2
========================================================================
Received Import Request.
  Time since last request: 0.000030 seconds.
  path: Assets/08.Utilty/Photon/PhotonUnityNetworking/Demos/DemoSlotRacer/Kenney Assets/Stylized city/Materials/11 - Default.mat
  artifactKey: Guid(b7d67d7d7ddb88542b23886a4b496c77) Importer(815301076,1909f56bfc062723c751e8b465ee728b)
Start importing Assets/08.Utilty/Photon/PhotonUnityNetworking/Demos/DemoSlotRacer/Kenney Assets/Stylized city/Materials/11 - Default.mat using Guid(b7d67d7d7ddb88542b23886a4b496c77) Importer(815301076,1909f56bfc062723c751e8b465ee728b)  -> (artifact id: '638137b8cf9cf91427f3e9af92fbdc95') in 0.018043 seconds
Number of updated asset objects reloaded before import = 0
Number of asset objects unloaded after import = 1
Editor requested this worker to shutdown with reason: Scaling down because of idle timeout
TcpMessagingSession - receive error: operation aborted. errorcode: 995, details: 스레드 종료 또는 응용 프로그램 요청 때문에 I/O 작업이 취소되었습니다.
AssetImportWorker is now disconnected from the server
Process exiting
Exiting without the bug reporter. Application will terminate with return code 0