Using pre-set license
Built from '2022.3/staging' branch; Version is '2022.3.15f1 (b58023a2b463) revision 11894819'; Using compiler version '192829333'; Build Type 'Release'
OS: 'Windows 11  (10.0.26100) 64bit Education' Language: 'ko' Physical Memory: 16236 MB
BatchMode: 1, IsHumanControllingUs: 0, StartBugReporterOnCrash: 0, Is64bit: 1, IsPro: 1

COMMAND LINE ARGUMENTS:
C:\Program Files\Unity\Hub\Editor\2022.3.15f1\Editor\Unity.exe
-adb2
-batchMode
-noUpm
-name
AssetImportWorker0
-projectPath
C:/Users/leeyeonjun/Desktop/rapidarena-develop
-logFile
Logs/AssetImportWorker0.log
-srvPort
59464
Successfully changed project path to: C:/Users/leeyeonjun/Desktop/rapidarena-develop
C:/Users/leeyeonjun/Desktop/rapidarena-develop
[UnityMemory] Configuration Parameters - Can be set up in boot.config
    "memorysetup-bucket-allocator-granularity=16"
    "memorysetup-bucket-allocator-bucket-count=8"
    "memorysetup-bucket-allocator-block-size=33554432"
    "memorysetup-bucket-allocator-block-count=8"
    "memorysetup-main-allocator-block-size=16777216"
    "memorysetup-thread-allocator-block-size=16777216"
    "memorysetup-gfx-main-allocator-block-size=16777216"
    "memorysetup-gfx-thread-allocator-block-size=16777216"
    "memorysetup-cache-allocator-block-size=4194304"
    "memorysetup-typetree-allocator-block-size=2097152"
    "memorysetup-profiler-bucket-allocator-granularity=16"
    "memorysetup-profiler-bucket-allocator-bucket-count=8"
    "memorysetup-profiler-bucket-allocator-block-size=33554432"
    "memorysetup-profiler-bucket-allocator-block-count=8"
    "memorysetup-profiler-allocator-block-size=16777216"
    "memorysetup-profiler-editor-allocator-block-size=1048576"
    "memorysetup-temp-allocator-size-main=16777216"
    "memorysetup-job-temp-allocator-block-size=2097152"
    "memorysetup-job-temp-allocator-block-size-background=1048576"
    "memorysetup-job-temp-allocator-reduction-small-platforms=262144"
    "memorysetup-allocator-temp-initial-block-size-main=262144"
    "memorysetup-allocator-temp-initial-block-size-worker=262144"
    "memorysetup-temp-allocator-size-background-worker=32768"
    "memorysetup-temp-allocator-size-job-worker=262144"
    "memorysetup-temp-allocator-size-preload-manager=33554432"
    "memorysetup-temp-allocator-size-nav-mesh-worker=65536"
    "memorysetup-temp-allocator-size-audio-worker=65536"
    "memorysetup-temp-allocator-size-cloud-worker=32768"
    "memorysetup-temp-allocator-size-gi-baking-worker=262144"
    "memorysetup-temp-allocator-size-gfx=262144"
Player connection [11492] Host "[IP] 211.206.242.112 [Port] 0 [Flags] 2 [Guid] 195293428 [EditorId] 195293428 [Version] 1048832 [Id] WindowsEditor(7,DESKTOP-41TLBQ1) [Debug] 1 [PackageName] WindowsEditor [ProjectName] Editor" joined multi-casting on [225.0.0.222:54997]...

Player connection [11492] Host "[IP] 211.206.242.112 [Port] 0 [Flags] 2 [Guid] 195293428 [EditorId] 195293428 [Version] 1048832 [Id] WindowsEditor(7,DESKTOP-41TLBQ1) [Debug] 1 [PackageName] WindowsEditor [ProjectName] Editor" joined alternative multi-casting on [225.0.0.222:34997]...

[Physics::Module] Initialized MultithreadedJobDispatcher with 15 workers.
Refreshing native plugins compatible for Editor in 3030.67 ms, found 4 plugins.
Preloading 0 native plugins for Editor in 0.00 ms.
Initialize engine version: 2022.3.15f1 (b58023a2b463)
[Subsystems] Discovering subsystems at path C:/Program Files/Unity/Hub/Editor/2022.3.15f1/Editor/Data/Resources/UnitySubsystems
[Subsystems] Discovering subsystems at path C:/Users/leeyeonjun/Desktop/rapidarena-develop/Assets
GfxDevice: creating device client; threaded=0; jobified=0
Direct3D:
    Version:  Direct3D 11.0 [level 11.1]
    Renderer: NVIDIA GeForce RTX 3060 Laptop GPU (ID=0x2560)
    Vendor:   NVIDIA
    VRAM:     5996 MB
    Driver:   32.0.15.6603
Initialize mono
Mono path[0] = 'C:/Program Files/Unity/Hub/Editor/2022.3.15f1/Editor/Data/Managed'
Mono path[1] = 'C:/Program Files/Unity/Hub/Editor/2022.3.15f1/Editor/Data/MonoBleedingEdge/lib/mono/unityjit-win32'
Mono config path = 'C:/Program Files/Unity/Hub/Editor/2022.3.15f1/Editor/Data/MonoBleedingEdge/etc'
Using monoOptions --debugger-agent=transport=dt_socket,embedding=1,server=y,suspend=n,address=127.0.0.1:56660
Begin MonoManager ReloadAssembly
Registering precompiled unity dll's ...
Register platform support module: C:/Program Files/Unity/Hub/Editor/2022.3.15f1/Editor/Data/PlaybackEngines/WindowsStandaloneSupport/UnityEditor.WindowsStandalone.Extensions.dll
Registered in 0.115361 seconds.
- Loaded All Assemblies, in  5.734 seconds
Native extension for WindowsStandalone target not found
Mono: successfully reloaded assembly
- Finished resetting the current domain, in  0.261 seconds
Domain Reload Profiling: 5994ms
	BeginReloadAssembly (5220ms)
		ExecutionOrderSort (0ms)
		DisableScriptedObjects (0ms)
		BackupInstance (0ms)
		ReleaseScriptingObjects (0ms)
		CreateAndSetChildDomain (1ms)
	RebuildCommonClasses (189ms)
	RebuildNativeTypeToScriptingClass (8ms)
	initialDomainReloadingComplete (160ms)
	LoadAllAssembliesAndSetupDomain (156ms)
		LoadAssemblies (5217ms)
		RebuildTransferFunctionScriptingTraits (0ms)
		AnalyzeDomain (155ms)
			TypeCache.Refresh (153ms)
				TypeCache.ScanAssembly (143ms)
			ScanForSourceGeneratedMonoScriptInfo (0ms)
			ResolveRequiredComponents (0ms)
	FinalizeReload (261ms)
		ReleaseScriptCaches (0ms)
		RebuildScriptCaches (0ms)
		SetupLoadedEditorAssemblies (211ms)
			LogAssemblyErrors (0ms)
			InitializePlatformSupportModulesInManaged (9ms)
			SetLoadedEditorAssemblies (7ms)
			RefreshPlugins (0ms)
			BeforeProcessingInitializeOnLoad (2ms)
			ProcessInitializeOnLoadAttributes (145ms)
			ProcessInitializeOnLoadMethodAttributes (49ms)
			AfterProcessingInitializeOnLoad (0ms)
			EditorAssembliesLoaded (0ms)
		ExecutionOrderSort2 (0ms)
		AwakeInstancesAfterBackupRestoration (0ms)
========================================================================
Worker process is ready to serve import requests
Begin MonoManager ReloadAssembly
- Loaded All Assemblies, in  8.923 seconds
Refreshing native plugins compatible for Editor in 6.65 ms, found 4 plugins.
Native extension for WindowsStandalone target not found
Package Manager log level set to [2]
[Package Manager] Server::EnsureServerProcessIsRunning -- launch failed, reason: Unity was launched with the -noUpm command-line argument
[Package Manager] UpmClient::Send -- Unable to send message (not connected to UPM process).
[Package Manager] Cannot connect to Unity Package Manager local server
Mono: successfully reloaded assembly
- Finished resetting the current domain, in  0.714 seconds
Domain Reload Profiling: 9634ms
	BeginReloadAssembly (131ms)
		ExecutionOrderSort (0ms)
		DisableScriptedObjects (5ms)
		BackupInstance (0ms)
		ReleaseScriptingObjects (0ms)
		CreateAndSetChildDomain (21ms)
	RebuildCommonClasses (29ms)
	RebuildNativeTypeToScriptingClass (13ms)
	initialDomainReloadingComplete (43ms)
	LoadAllAssembliesAndSetupDomain (8705ms)
		LoadAssemblies (8429ms)
		RebuildTransferFunctionScriptingTraits (0ms)
		AnalyzeDomain (348ms)
			TypeCache.Refresh (319ms)
				TypeCache.ScanAssembly (304ms)
			ScanForSourceGeneratedMonoScriptInfo (22ms)
			ResolveRequiredComponents (6ms)
	FinalizeReload (714ms)
		ReleaseScriptCaches (0ms)
		RebuildScriptCaches (0ms)
		SetupLoadedEditorAssemblies (572ms)
			LogAssemblyErrors (0ms)
			InitializePlatformSupportModulesInManaged (5ms)
			SetLoadedEditorAssemblies (3ms)
			RefreshPlugins (0ms)
			BeforeProcessingInitializeOnLoad (65ms)
			ProcessInitializeOnLoadAttributes (458ms)
			ProcessInitializeOnLoadMethodAttributes (35ms)
			AfterProcessingInitializeOnLoad (6ms)
			EditorAssembliesLoaded (0ms)
		ExecutionOrderSort2 (0ms)
		AwakeInstancesAfterBackupRestoration (6ms)
Launched and connected shader compiler UnityShaderCompiler.exe after 0.04 seconds
Refreshing native plugins compatible for Editor in 8.84 ms, found 4 plugins.
Preloading 0 native plugins for Editor in 0.00 ms.
Unloading 4527 Unused Serialized files (Serialized files now loaded: 0)
Unloading 88 unused Assets / (73.2 KB). Loaded Objects now: 4979.
Memory consumption went from 163.3 MB to 163.2 MB.
Total: 5.272800 ms (FindLiveObjects: 0.359900 ms CreateObjectMapping: 0.137600 ms MarkObjects: 4.609100 ms  DeleteObjects: 0.164400 ms)

AssetImportParameters requested are different than current active one (requested -> active):
  custom:container-demuxer-ogg: 62fdf1f143b41e24485cea50d1cbac27 -> 
  custom:video-decoder-ogg-theora: a1e56fd34408186e4bbccfd4996cb3dc -> 
  custom:framework-win-MediaFoundation: 216162199b28c13a410421893ffa2e32 -> 
  custom:CustomObjectIndexerAttribute: 43b350a4d6e6d1791af0b5038c4bea17 -> 
  custom:container-demuxer-webm: 4f35f7cbe854078d1ac9338744f61a02 -> 
  custom:container-muxer-webm: aa71ff27fc2769a1b78a27578f13a17b -> 
  custom:video-decoder-webm-vp8: 9c59270c3fd7afecdb556c50c9e8de78 -> 
  custom:SearchIndexIgnoredProperties: e643bd26f0fe6173181afceb89e7c659 -> 
  custom:AudioImporter_EditorPlatform: d09bf68614088b80899f8185d706f6e7 -> 
  custom:video-encoder-webm-vp8: eb34c28f22e8b96e1ab97ce403110664 -> 
  custom:audio-decoder-ogg-vorbis: bf7c407c2cedff20999df2af8eb42d56 -> 
  custom:audio-encoder-webm-vorbis: bf7c407c2cedff20999df2af8eb42d56 -> 
========================================================================
Received Import Request.
  Time since last request: 267153.463495 seconds.
  path: Assets/06.Model/Level/Map_v1
  artifactKey: Guid(94fdc5985e0a94447b36138bdb5bf898) Importer(815301076,1909f56bfc062723c751e8b465ee728b)
Start importing Assets/06.Model/Level/Map_v1 using Guid(94fdc5985e0a94447b36138bdb5bf898) Importer(815301076,1909f56bfc062723c751e8b465ee728b)  -> (artifact id: '0be27a4ff304cf6f0a30370769207aec') in 0.002699 seconds
Number of updated asset objects reloaded before import = 0
Number of asset objects unloaded after import = 0
========================================================================
Received Import Request.
  Time since last request: 17.128114 seconds.
  path: Assets/06.Model/Level/Containers/Cargo_container_v1/Cargo_container_v1_LD1through.prefab
  artifactKey: Guid(9615d776614809e4890301d5377aeb9f) Importer(815301076,1909f56bfc062723c751e8b465ee728b)
Start importing Assets/06.Model/Level/Containers/Cargo_container_v1/Cargo_container_v1_LD1through.prefab using Guid(9615d776614809e4890301d5377aeb9f) Importer(815301076,1909f56bfc062723c751e8b465ee728b)  -> (artifact id: '37c286c075fa9b54c5f27c796329b6dd') in 0.087490 seconds
Number of updated asset objects reloaded before import = 0
Number of asset objects unloaded after import = 10
========================================================================
Received Import Request.
  Time since last request: 52.298198 seconds.
  path: Assets/06.Model/Level/Containers/Cargo_container_v1/Cargo_container_v1_LD1close.prefab
  artifactKey: Guid(84147b87204d0a0478bae9558d656ea2) Importer(815301076,1909f56bfc062723c751e8b465ee728b)
Start importing Assets/06.Model/Level/Containers/Cargo_container_v1/Cargo_container_v1_LD1close.prefab using Guid(84147b87204d0a0478bae9558d656ea2) Importer(815301076,1909f56bfc062723c751e8b465ee728b)  -> (artifact id: '21f713c459ea8736feea765c3850b317') in 0.016893 seconds
Number of updated asset objects reloaded before import = 0
Number of asset objects unloaded after import = 10
========================================================================
Received Import Request.
  Time since last request: 72.994767 seconds.
  path: Assets/08.Utilty
  artifactKey: Guid(13af59a98b3166747b44f4c01d6b1890) Importer(815301076,1909f56bfc062723c751e8b465ee728b)
Start importing Assets/08.Utilty using Guid(13af59a98b3166747b44f4c01d6b1890) Importer(815301076,1909f56bfc062723c751e8b465ee728b)  -> (artifact id: '51a4c91af78c958af632676dd7e86caa') in 0.000590 seconds
Number of updated asset objects reloaded before import = 0
Number of asset objects unloaded after import = 0
========================================================================
Received Import Request.
  Time since last request: 14.612286 seconds.
  path: Assets/06.Model/Level/Buildings/Industrial/Hangars/Hangar_v1/Hangar_v1_full.prefab
  artifactKey: Guid(95c00f442e3cf3643b2062e8e0d0bbd6) Importer(815301076,1909f56bfc062723c751e8b465ee728b)
Start importing Assets/06.Model/Level/Buildings/Industrial/Hangars/Hangar_v1/Hangar_v1_full.prefab using Guid(95c00f442e3cf3643b2062e8e0d0bbd6) Importer(815301076,1909f56bfc062723c751e8b465ee728b)  -> (artifact id: 'aee5e94801f476c68832b8ad1e76cf11') in 0.014448 seconds
Number of updated asset objects reloaded before import = 0
Number of asset objects unloaded after import = 10
========================================================================
Received Import Request.
  Time since last request: 64.447081 seconds.
  path: Assets/03.Animation/FPS/Weapon_Handgun.overrideController
  artifactKey: Guid(989039c9dae4ddb4daa6bff5bc409bc7) Importer(815301076,1909f56bfc062723c751e8b465ee728b)
Start importing Assets/03.Animation/FPS/Weapon_Handgun.overrideController using Guid(989039c9dae4ddb4daa6bff5bc409bc7) Importer(815301076,1909f56bfc062723c751e8b465ee728b)  -> (artifact id: '8f78f7ef68e23931a1828981b343a8ae') in 0.034325 seconds
Number of updated asset objects reloaded before import = 0
Number of asset objects unloaded after import = 68
========================================================================
Received Import Request.
  Time since last request: 624.930331 seconds.
  path: Assets/05.Images/UI/1. Free Hologram Interface Wenrexa/Assets Wenrexa Bundle 1 +20.000.url
  artifactKey: Guid(c08dfe6473489c04f8d399f188520c31) Importer(815301076,1909f56bfc062723c751e8b465ee728b)
Start importing Assets/05.Images/UI/1. Free Hologram Interface Wenrexa/Assets Wenrexa Bundle 1 +20.000.url using Guid(c08dfe6473489c04f8d399f188520c31) Importer(815301076,1909f56bfc062723c751e8b465ee728b)  -> (artifact id: 'bc1607e0f6802046766a5293071ea659') in 0.001049 seconds
Number of updated asset objects reloaded before import = 0
Number of asset objects unloaded after import = 1
========================================================================
Received Import Request.
  Time since last request: 1.554410 seconds.
  path: Assets/05.Images/UI/1. Free Hologram Interface Wenrexa/Assets Wenrexa Bundle 2.url
  artifactKey: Guid(1b78e31e25f659848b672087120c5a8a) Importer(815301076,1909f56bfc062723c751e8b465ee728b)
Start importing Assets/05.Images/UI/1. Free Hologram Interface Wenrexa/Assets Wenrexa Bundle 2.url using Guid(1b78e31e25f659848b672087120c5a8a) Importer(815301076,1909f56bfc062723c751e8b465ee728b)  -> (artifact id: 'c0ed2825a8df341a3837954b42e01c6a') in 0.000890 seconds
Number of updated asset objects reloaded before import = 0
Number of asset objects unloaded after import = 1
========================================================================
Received Import Request.
  Time since last request: 6.648670 seconds.
  path: Assets/05.Images/UI/1. Free Hologram Interface Wenrexa/Icons/01.png
  artifactKey: Guid(c7be67f8967a3b240b50778de8441cd3) Importer(815301076,1909f56bfc062723c751e8b465ee728b)
Start importing Assets/05.Images/UI/1. Free Hologram Interface Wenrexa/Icons/01.png using Guid(c7be67f8967a3b240b50778de8441cd3) Importer(815301076,1909f56bfc062723c751e8b465ee728b)  -> (artifact id: '6a7d7639c04d8ad4fc47ebe7e55f8dfb') in 0.020064 seconds
Number of updated asset objects reloaded before import = 0
Number of asset objects unloaded after import = 2
========================================================================
Received Import Request.
  Time since last request: 3.058339 seconds.
  path: Assets/05.Images/UI/1. Free Hologram Interface Wenrexa/Icons
  artifactKey: Guid(ac8799ee9e3fe8d41982d213f81b5b0b) Importer(815301076,1909f56bfc062723c751e8b465ee728b)
Start importing Assets/05.Images/UI/1. Free Hologram Interface Wenrexa/Icons using Guid(ac8799ee9e3fe8d41982d213f81b5b0b) Importer(815301076,1909f56bfc062723c751e8b465ee728b)  -> (artifact id: 'f1a9ce821b232e43aead968ef6773c93') in 0.000622 seconds
Number of updated asset objects reloaded before import = 0
Number of asset objects unloaded after import = 0
========================================================================
Received Import Request.
  Time since last request: 2.930581 seconds.
  path: Assets/05.Images/UI/1. Free Hologram Interface Wenrexa/Card X3/Card X5.png
  artifactKey: Guid(e0492405d59e0454e8d6dccf706dff9f) Importer(815301076,1909f56bfc062723c751e8b465ee728b)
Start importing Assets/05.Images/UI/1. Free Hologram Interface Wenrexa/Card X3/Card X5.png using Guid(e0492405d59e0454e8d6dccf706dff9f) Importer(815301076,1909f56bfc062723c751e8b465ee728b)  -> (artifact id: '985f9d53f4fc0d2d8553e8869ae1a501') in 0.014949 seconds
Number of updated asset objects reloaded before import = 0
Number of asset objects unloaded after import = 2
========================================================================
Received Import Request.
  Time since last request: 1.001118 seconds.
  path: Assets/05.Images/UI/1. Free Hologram Interface Wenrexa/Card X3/Card X6.png
  artifactKey: Guid(d3db6b576f97e40478ea49fc77a6f571) Importer(815301076,1909f56bfc062723c751e8b465ee728b)
Start importing Assets/05.Images/UI/1. Free Hologram Interface Wenrexa/Card X3/Card X6.png using Guid(d3db6b576f97e40478ea49fc77a6f571) Importer(815301076,1909f56bfc062723c751e8b465ee728b)  -> (artifact id: '17f570bb849a7762adf8d5735da36ad6') in 0.021111 seconds
Number of updated asset objects reloaded before import = 0
Number of asset objects unloaded after import = 2
========================================================================
Received Import Request.
  Time since last request: 4.824982 seconds.
  path: Assets/05.Images/UI/1. Free Hologram Interface Wenrexa
  artifactKey: Guid(f5c1d698b9b20964bbf93cb19410d2a9) Importer(815301076,1909f56bfc062723c751e8b465ee728b)
Start importing Assets/05.Images/UI/1. Free Hologram Interface Wenrexa using Guid(f5c1d698b9b20964bbf93cb19410d2a9) Importer(815301076,1909f56bfc062723c751e8b465ee728b)  -> (artifact id: 'c8ca09f68153cc8acde10c990d8eb898') in 0.000564 seconds
Number of updated asset objects reloaded before import = 0
Number of asset objects unloaded after import = 0
========================================================================
Received Import Request.
  Time since last request: 31.651148 seconds.
  path: Assets/05.Images/UI/1. Free Hologram Interface Wenrexa/Button 1/Button Active.png
  artifactKey: Guid(75f13810e31c1244393d4da9f604432e) Importer(815301076,1909f56bfc062723c751e8b465ee728b)
Start importing Assets/05.Images/UI/1. Free Hologram Interface Wenrexa/Button 1/Button Active.png using Guid(75f13810e31c1244393d4da9f604432e) Importer(815301076,1909f56bfc062723c751e8b465ee728b)  -> (artifact id: '145771c8f54a36f4665a33e0eddd26b3') in 0.015577 seconds
Number of updated asset objects reloaded before import = 0
Number of asset objects unloaded after import = 2
========================================================================
Received Import Request.
  Time since last request: 1.361857 seconds.
  path: Assets/05.Images/UI/1. Free Hologram Interface Wenrexa/Button 1/Button Normal.png
  artifactKey: Guid(558daa8e2c6c8be4d803103bb3720094) Importer(815301076,1909f56bfc062723c751e8b465ee728b)
Start importing Assets/05.Images/UI/1. Free Hologram Interface Wenrexa/Button 1/Button Normal.png using Guid(558daa8e2c6c8be4d803103bb3720094) Importer(815301076,1909f56bfc062723c751e8b465ee728b)  -> (artifact id: '6a3b47d1c2a17c832eb033cd9eaa1a4e') in 0.021917 seconds
Number of updated asset objects reloaded before import = 0
Number of asset objects unloaded after import = 2
========================================================================
Received Import Request.
  Time since last request: 6.120116 seconds.
  path: Assets/05.Images/UI/1. Free Hologram Interface Wenrexa/Button 1/Button Normal.png
  artifactKey: Guid(558daa8e2c6c8be4d803103bb3720094) Importer(815301076,1909f56bfc062723c751e8b465ee728b)
Start importing Assets/05.Images/UI/1. Free Hologram Interface Wenrexa/Button 1/Button Normal.png using Guid(558daa8e2c6c8be4d803103bb3720094) Importer(815301076,1909f56bfc062723c751e8b465ee728b)  -> (artifact id: '4377ca6830e14a4569d3b610f5326d85') in 0.028004 seconds
Number of updated asset objects reloaded before import = 0
Number of asset objects unloaded after import = 3
========================================================================
Received Import Request.
  Time since last request: 1.788772 seconds.
  path: Assets/05.Images/UI/1. Free Hologram Interface Wenrexa/Card X1/Card X1.png
  artifactKey: Guid(9abf1c69e1064ac4585df7ba71ea8692) Importer(815301076,1909f56bfc062723c751e8b465ee728b)
Start importing Assets/05.Images/UI/1. Free Hologram Interface Wenrexa/Card X1/Card X1.png using Guid(9abf1c69e1064ac4585df7ba71ea8692) Importer(815301076,1909f56bfc062723c751e8b465ee728b)  -> (artifact id: 'd06d4e9c81450c515742e3e1efa5ba0e') in 0.015959 seconds
Number of updated asset objects reloaded before import = 0
Number of asset objects unloaded after import = 2
========================================================================
Received Import Request.
  Time since last request: 3.720152 seconds.
  path: Assets/05.Images/UI/1. Free Hologram Interface Wenrexa/Card X1/Card X2.png
  artifactKey: Guid(d18569d1592ebcb47ac8965b7c357c62) Importer(815301076,1909f56bfc062723c751e8b465ee728b)
Start importing Assets/05.Images/UI/1. Free Hologram Interface Wenrexa/Card X1/Card X2.png using Guid(d18569d1592ebcb47ac8965b7c357c62) Importer(815301076,1909f56bfc062723c751e8b465ee728b)  -> (artifact id: '648d3b7e1ce1e474af040e69e7edb3d2') in 0.014706 seconds
Number of updated asset objects reloaded before import = 0
Number of asset objects unloaded after import = 2
========================================================================
Received Import Request.
  Time since last request: 5.358227 seconds.
  path: Assets/05.Images/UI/1. Free Hologram Interface Wenrexa/Card X1/Card X2.png
  artifactKey: Guid(d18569d1592ebcb47ac8965b7c357c62) Importer(815301076,1909f56bfc062723c751e8b465ee728b)
Start importing Assets/05.Images/UI/1. Free Hologram Interface Wenrexa/Card X1/Card X2.png using Guid(d18569d1592ebcb47ac8965b7c357c62) Importer(815301076,1909f56bfc062723c751e8b465ee728b)  -> (artifact id: '30c3550d31ff46deca32a50ed85a2290') in 0.024195 seconds
Number of updated asset objects reloaded before import = 0
Number of asset objects unloaded after import = 3
========================================================================
Received Import Request.
  Time since last request: 5.057089 seconds.
  path: Assets/05.Images/UI/1. Free Hologram Interface Wenrexa/Icons/03.png
  artifactKey: Guid(0f1b26b796e2ec44096f4db6c35e4e02) Importer(815301076,1909f56bfc062723c751e8b465ee728b)
Start importing Assets/05.Images/UI/1. Free Hologram Interface Wenrexa/Icons/03.png using Guid(0f1b26b796e2ec44096f4db6c35e4e02) Importer(815301076,1909f56bfc062723c751e8b465ee728b)  -> (artifact id: '8543be83251063c278d9e3d48a4b091e') in 0.020739 seconds
Number of updated asset objects reloaded before import = 0
Number of asset objects unloaded after import = 2
========================================================================
Received Import Request.
  Time since last request: 10.078179 seconds.
  path: Assets/05.Images/UI/1. Free Hologram Interface Wenrexa/Card X3/Card X6.png
  artifactKey: Guid(d3db6b576f97e40478ea49fc77a6f571) Importer(815301076,1909f56bfc062723c751e8b465ee728b)
Start importing Assets/05.Images/UI/1. Free Hologram Interface Wenrexa/Card X3/Card X6.png using Guid(d3db6b576f97e40478ea49fc77a6f571) Importer(815301076,1909f56bfc062723c751e8b465ee728b)  -> (artifact id: '017a1cb7d3421d3aa530b0bcf4596666') in 0.021459 seconds
Number of updated asset objects reloaded before import = 0
Number of asset objects unloaded after import = 3
========================================================================
Received Import Request.
  Time since last request: 69.373109 seconds.
  path: Assets/05.Images/UI/1. Free Hologram Interface Wenrexa/Button 1/Button Active.png
  artifactKey: Guid(75f13810e31c1244393d4da9f604432e) Importer(815301076,1909f56bfc062723c751e8b465ee728b)
Start importing Assets/05.Images/UI/1. Free Hologram Interface Wenrexa/Button 1/Button Active.png using Guid(75f13810e31c1244393d4da9f604432e) Importer(815301076,1909f56bfc062723c751e8b465ee728b)  -> (artifact id: '1cdf9c90b0959fe41a18f190e894f1be') in 0.019860 seconds
Number of updated asset objects reloaded before import = 0
Number of asset objects unloaded after import = 3
========================================================================
Received Import Request.
  Time since last request: 0.000020 seconds.
  path: Assets/05.Images/UI/1. Free Hologram Interface Wenrexa/Button 1/Button Hover.png
  artifactKey: Guid(db2a5810a4fb98249bae70a367338df0) Importer(815301076,1909f56bfc062723c751e8b465ee728b)
Start importing Assets/05.Images/UI/1. Free Hologram Interface Wenrexa/Button 1/Button Hover.png using Guid(db2a5810a4fb98249bae70a367338df0) Importer(815301076,1909f56bfc062723c751e8b465ee728b)  -> (artifact id: 'bca8d85b571082ad92761e58f40c3cfc') in 0.018761 seconds
Number of updated asset objects reloaded before import = 0
Number of asset objects unloaded after import = 3
========================================================================
Received Import Request.
  Time since last request: 0.000024 seconds.
  path: Assets/05.Images/UI/1. Free Hologram Interface Wenrexa/Card X3/Card X5.png
  artifactKey: Guid(e0492405d59e0454e8d6dccf706dff9f) Importer(815301076,1909f56bfc062723c751e8b465ee728b)
Start importing Assets/05.Images/UI/1. Free Hologram Interface Wenrexa/Card X3/Card X5.png using Guid(e0492405d59e0454e8d6dccf706dff9f) Importer(815301076,1909f56bfc062723c751e8b465ee728b)  -> (artifact id: '27e706488e5554479deed3f61d48e3aa') in 0.028620 seconds
Number of updated asset objects reloaded before import = 0
Number of asset objects unloaded after import = 3
========================================================================
Received Import Request.
  Time since last request: 0.000024 seconds.
  path: Assets/05.Images/UI/1. Free Hologram Interface Wenrexa/Card X2/Card X2.png
  artifactKey: Guid(877a49650df72934fb3eacccf9e185f4) Importer(815301076,1909f56bfc062723c751e8b465ee728b)
Start importing Assets/05.Images/UI/1. Free Hologram Interface Wenrexa/Card X2/Card X2.png using Guid(877a49650df72934fb3eacccf9e185f4) Importer(815301076,1909f56bfc062723c751e8b465ee728b)  -> (artifact id: 'cc11b7736532f1d1b045812d4902b388') in 0.022378 seconds
Number of updated asset objects reloaded before import = 0
Number of asset objects unloaded after import = 3
========================================================================
Received Import Request.
  Time since last request: 0.000019 seconds.
  path: Assets/05.Images/UI/1. Free Hologram Interface Wenrexa/Card X2/Card X3.png
  artifactKey: Guid(13e7e72cef1012a459aea704a980f1d7) Importer(815301076,1909f56bfc062723c751e8b465ee728b)
Start importing Assets/05.Images/UI/1. Free Hologram Interface Wenrexa/Card X2/Card X3.png using Guid(13e7e72cef1012a459aea704a980f1d7) Importer(815301076,1909f56bfc062723c751e8b465ee728b)  -> (artifact id: '2b9622929a21cc98359b136f8cfe9d0c') in 0.022819 seconds
Number of updated asset objects reloaded before import = 0
Number of asset objects unloaded after import = 3
Editor requested this worker to shutdown with reason: Scaling down because of idle timeout
TcpMessagingSession - receive error: operation aborted. errorcode: 995, details: 스레드 종료 또는 응용 프로그램 요청 때문에 I/O 작업이 취소되었습니다.
AssetImportWorker is now disconnected from the server
Process exiting
Exiting without the bug reporter. Application will terminate with return code 0